{"name": "test_add_group[None:namei0<!1rgL:headerv{uRq:m`1^UUkL1[?:`:footerf..$UWRufbO]", "status": "failed", "statusDetails": {"message": "AssertionError: assert [8:TEST GROUP...ter*aJ}b, ...] == [8:TEST GROUP...ter*aJ}b, ...]\n  At index 40 diff: None:namei0<!1rgL:headerv{uRq:m`1^UUkL1[?:`:footerf..$UWRufbO != 50:namei0:headerv{uRq:m`1^UUkL1[?:`:footerf..$UWRufbO\n  Use -v to get the full diff", "trace": "app = <fixture.application.Application object at 0x000001C3CC959D00>, db = <fixture.db.DbFixture object at 0x000001C3CC959BB0>, check_ui = False, json_groups = None:namei0<!1rgL:headerv{uRq:m`1^UUkL1[?:`:footerf..$UWRufbO\n\n    def test_add_group(app, db, check_ui, json_groups):\n        group = json_groups\n        old_groups = db.get_group_list()\n        app.group.create(group)\n        new_groups = db.get_group_list()\n        old_groups.append(group)\n>       assert old_groups == new_groups\nE       assert [8:TEST GROUP...ter*aJ}b, ...] == [8:TEST GROUP...ter*aJ}b, ...]\nE         At index 40 diff: None:namei0<!1rgL:headerv{uRq:m`1^UUkL1[?:`:footerf..$UWRufbO != 50:namei0:headerv{uRq:m`1^UUkL1[?:`:footerf..$UWRufbO\nE         Use -v to get the full diff\n\ntest\\test_add_group.py:14: AssertionError"}, "parameters": [{"name": "json_groups", "value": "None:namei0<!1rgL:headerv{uRq:m`1^UUkL1[?:`:footerf..$UWRufbO"}], "start": 1629212876937, "stop": 1629212877891, "uuid": "4939f161-e7a4-41eb-b2b4-4fe47d607f65", "historyId": "0232846c7d6b415df18f0f9a7680a345", "testCaseId": "b43da2ccf75959340d9e443704b9a887", "fullName": "test.test_add_group#test_add_group[None:namei0<!1rgL:headerv{uRq:m`1^UUkL1", "labels": [{"name": "parentSuite", "value": "test"}, {"name": "suite", "value": "test_add_group"}, {"name": "host", "value": "oosipenko-pc"}, {"name": "thread", "value": "7372-MainThread"}, {"name": "framework", "value": "pytest"}, {"name": "language", "value": "cpython3"}, {"name": "package", "value": "test.test_add_group"}]}